<?xml version="1.0" encoding="UTF-8"?>
<!-- Generated by org.testng.reporters.JUnitReportReporter -->
<testsuite hostname="DESKTOP-Q6HET03" name="testScripts.EditUser" tests="1" failures="0" timestamp="7 Aug 2020 10:09:28 GMT" time="26.843" errors="0">
  <testcase name="orageHRM_edit_user" time="26.843" classname="testScripts.EditUser"/>
</testsuite> <!-- testScripts.EditUser -->
