<?xml version="1.0" encoding="UTF-8"?>
<!-- Generated by org.testng.reporters.JUnitReportReporter -->
<testsuite hostname="DESKTOP-Q6HET03" name="testScripts.CreateUser" tests="1" failures="0" timestamp="7 Aug 2020 10:09:28 GMT" time="33.193" errors="0">
  <testcase name="orageHRM_create_user" time="33.193" classname="testScripts.CreateUser"/>
</testsuite> <!-- testScripts.CreateUser -->
