<?xml version="1.0" encoding="UTF-8"?>
<!-- Generated by org.testng.reporters.JUnitReportReporter -->
<testsuite hostname="DESKTOP-Q6HET03" name="testScripts.AdminLogin" tests="1" failures="0" timestamp="9 Jul 2020 15:08:44 GMT" time="22.984" errors="0">
  <testcase name="orageHRM_admin_login" time="22.984" classname="testScripts.AdminLogin"/>
</testsuite> <!-- testScripts.AdminLogin -->
