<?xml version="1.0" encoding="UTF-8"?>
<!-- Generated by org.testng.reporters.JUnitReportReporter -->
<testsuite hostname="DESKTOP-Q6HET03" name="testScripts.AdminLogin" tests="1" failures="0" timestamp="7 Aug 2020 10:09:28 GMT" time="19.795" errors="0">
  <testcase name="orageHRM_admin_login" time="19.795" classname="testScripts.AdminLogin"/>
</testsuite> <!-- testScripts.AdminLogin -->
